l:\rvbvakama\astar\temp\bootstrap\static\bootstrap.idb
l:\rvbvakama\astar\temp\bootstrap\static\imgui.obj
l:\rvbvakama\astar\temp\bootstrap\static\imgui_draw.obj
l:\rvbvakama\astar\temp\bootstrap\static\application.obj
l:\rvbvakama\astar\temp\bootstrap\static\audio.obj
l:\rvbvakama\astar\temp\bootstrap\static\font.obj
l:\rvbvakama\astar\temp\bootstrap\static\gizmos.obj
l:\rvbvakama\astar\temp\bootstrap\static\input.obj
l:\rvbvakama\astar\temp\bootstrap\static\renderer2d.obj
l:\rvbvakama\astar\temp\bootstrap\static\soundmanager.obj
l:\rvbvakama\astar\temp\bootstrap\static\texture.obj
l:\rvbvakama\astar\temp\bootstrap\static\imgui_glfw3.obj
l:\rvbvakama\astar\temp\bootstrap\static\bootstrap.pdb
l:\rvbvakama\astar\temp\bootstrap\static\gl_core_4_4.obj
l:\rvbvakama\astar\temp\bootstrap\static\bootstrap.lib
l:\rvbvakama\astar\temp\bootstrap\static\bootstrap.tlog\cl.command.1.tlog
l:\rvbvakama\astar\temp\bootstrap\static\bootstrap.tlog\cl.read.1.tlog
l:\rvbvakama\astar\temp\bootstrap\static\bootstrap.tlog\cl.write.1.tlog
l:\rvbvakama\astar\temp\bootstrap\static\bootstrap.tlog\lib-link.read.1.tlog
l:\rvbvakama\astar\temp\bootstrap\static\bootstrap.tlog\lib-link.write.1.tlog
l:\rvbvakama\astar\temp\bootstrap\static\bootstrap.tlog\lib.command.1.tlog
