d:\git - rvbvakama\kawasu\temp\project2d\dll\vc140.pdb
d:\git - rvbvakama\kawasu\temp\project2d\dll\vc140.idb
d:\git - rvbvakama\kawasu\temp\project2d\dll\application2d.obj
d:\git - rvbvakama\kawasu\temp\project2d\dll\basestate.obj
d:\git - rvbvakama\kawasu\temp\project2d\dll\bombs.obj
d:\git - rvbvakama\kawasu\temp\project2d\dll\collider.obj
d:\git - rvbvakama\kawasu\temp\project2d\dll\collisionmanager.obj
d:\git - rvbvakama\kawasu\temp\project2d\dll\entity.obj
d:\git - rvbvakama\kawasu\temp\project2d\dll\gamescene.obj
d:\git - rvbvakama\kawasu\temp\project2d\dll\loading.obj
d:\git - rvbvakama\kawasu\temp\project2d\dll\main.obj
d:\git - rvbvakama\kawasu\temp\project2d\dll\menu.obj
d:\git - rvbvakama\kawasu\temp\project2d\dll\menupause.obj
d:\git - rvbvakama\kawasu\temp\project2d\dll\objectpool.obj
d:\git - rvbvakama\kawasu\temp\project2d\dll\splash.obj
d:\git - rvbvakama\kawasu\temp\project2d\dll\statemachine.obj
d:\git - rvbvakama\kawasu\temp\project2d\dll\project2d.ilk
d:\git - rvbvakama\kawasu\temp\project2d\dll\project2d.exe
d:\git - rvbvakama\kawasu\temp\project2d\dll\project2d.pdb
d:\git - rvbvakama\kawasu\temp\project2d\dll\project2d.tlog\cl.command.1.tlog
d:\git - rvbvakama\kawasu\temp\project2d\dll\project2d.tlog\cl.read.1.tlog
d:\git - rvbvakama\kawasu\temp\project2d\dll\project2d.tlog\cl.write.1.tlog
d:\git - rvbvakama\kawasu\temp\project2d\dll\project2d.tlog\link.command.1.tlog
d:\git - rvbvakama\kawasu\temp\project2d\dll\project2d.tlog\link.read.1.tlog
d:\git - rvbvakama\kawasu\temp\project2d\dll\project2d.tlog\link.write.1.tlog
