l:\rvbvakama\astar\temp\project2d\static\vc140.pdb
l:\rvbvakama\astar\temp\project2d\static\vc140.idb
l:\rvbvakama\astar\temp\project2d\static\act.obj
l:\rvbvakama\astar\temp\project2d\static\agent.obj
l:\rvbvakama\astar\temp\project2d\static\agents.obj
l:\rvbvakama\astar\temp\project2d\static\astar.obj
l:\rvbvakama\astar\temp\project2d\static\basestate.obj
l:\rvbvakama\astar\temp\project2d\static\collider.obj
l:\rvbvakama\astar\temp\project2d\static\collisionmanager.obj
l:\rvbvakama\astar\temp\project2d\static\decisionbuttonpressed.obj
l:\rvbvakama\astar\temp\project2d\static\decisionnothingpressed.obj
l:\rvbvakama\astar\temp\project2d\static\decisionprint.obj
l:\rvbvakama\astar\temp\project2d\static\decisiontree.obj
l:\rvbvakama\astar\temp\project2d\static\entity.obj
l:\rvbvakama\astar\temp\project2d\static\ibehaviour.obj
l:\rvbvakama\astar\temp\project2d\static\main.obj
l:\rvbvakama\astar\temp\project2d\static\seek.obj
l:\rvbvakama\astar\temp\project2d\static\stateidle.obj
l:\rvbvakama\astar\temp\project2d\static\statemachine.obj
l:\rvbvakama\astar\temp\project2d\static\statepatrol.obj
l:\rvbvakama\astar\temp\project2d\static\application2d.obj
l:\rvbvakama\astar\temp\project2d\static\player.obj
l:\rvbvakama\astar\temp\project2d\static\stateagent.obj
d:\git - rvbvakama\astar\temp\project2d\static\vc140.pdb
d:\git - rvbvakama\astar\temp\project2d\static\vc140.idb
d:\git - rvbvakama\astar\temp\project2d\static\agent.obj
d:\git - rvbvakama\astar\temp\project2d\static\agents.obj
d:\git - rvbvakama\astar\temp\project2d\static\astar.obj
d:\git - rvbvakama\astar\temp\project2d\static\basestate.obj
d:\git - rvbvakama\astar\temp\project2d\static\collider.obj
d:\git - rvbvakama\astar\temp\project2d\static\collisionmanager.obj
d:\git - rvbvakama\astar\temp\project2d\static\decisionbuttonpressed.obj
d:\git - rvbvakama\astar\temp\project2d\static\decisionnothingpressed.obj
d:\git - rvbvakama\astar\temp\project2d\static\decisionprint.obj
d:\git - rvbvakama\astar\temp\project2d\static\decisiontree.obj
d:\git - rvbvakama\astar\temp\project2d\static\entity.obj
d:\git - rvbvakama\astar\temp\project2d\static\ibehaviour.obj
d:\git - rvbvakama\astar\temp\project2d\static\main.obj
d:\git - rvbvakama\astar\temp\project2d\static\player.obj
d:\git - rvbvakama\astar\temp\project2d\static\seek.obj
d:\git - rvbvakama\astar\temp\project2d\static\stateidle.obj
d:\git - rvbvakama\astar\temp\project2d\static\statemachine.obj
d:\git - rvbvakama\astar\temp\project2d\static\statepatrol.obj
d:\git - rvbvakama\astar\temp\project2d\static\act.obj
d:\git - rvbvakama\astar\temp\project2d\static\application2d.obj
l:\rvbvakama\astar\temp\project2d\static\grid.obj
l:\rvbvakama\astar\temp\project2d\static\compositenode.obj
l:\rvbvakama\astar\temp\project2d\static\aibehaviourtree.obj
l:\rvbvakama\astar\temp\project2d\static\aistatemachine.obj
l:\rvbvakama\astar\temp\project2d\static\project2d.ilk
l:\rvbvakama\astar\temp\project2d\static\project2d.exe
l:\rvbvakama\astar\temp\project2d\static\project2d.pdb
l:\rvbvakama\astar\temp\project2d\static\game.obj
l:\rvbvakama\astar\temp\project2d\static\gamescene.obj
l:\rvbvakama\astar\temp\project2d\static\ibhaviour.obj
l:\rvbvakama\astar\temp\project2d\static\menu.obj
l:\rvbvakama\astar\temp\project2d\static\state_idle.obj
l:\rvbvakama\astar\temp\project2d\static\state_patrol.obj
l:\rvbvakama\astar\temp\project2d\static\agent.obj.enc
l:\rvbvakama\astar\temp\project2d\static\application2d.obj.enc
l:\rvbvakama\astar\temp\project2d\static\project2d.tlog\cl.command.1.tlog
l:\rvbvakama\astar\temp\project2d\static\project2d.tlog\cl.read.1.tlog
l:\rvbvakama\astar\temp\project2d\static\project2d.tlog\cl.write.1.tlog
l:\rvbvakama\astar\temp\project2d\static\project2d.tlog\link-cvtres.read.1.tlog
l:\rvbvakama\astar\temp\project2d\static\project2d.tlog\link-cvtres.write.1.tlog
l:\rvbvakama\astar\temp\project2d\static\project2d.tlog\link-rc.read.1.tlog
l:\rvbvakama\astar\temp\project2d\static\project2d.tlog\link-rc.write.1.tlog
l:\rvbvakama\astar\temp\project2d\static\project2d.tlog\link.11524-cvtres.read.1.tlog
l:\rvbvakama\astar\temp\project2d\static\project2d.tlog\link.11524-cvtres.write.1.tlog
l:\rvbvakama\astar\temp\project2d\static\project2d.tlog\link.11524-rc.read.1.tlog
l:\rvbvakama\astar\temp\project2d\static\project2d.tlog\link.11524-rc.write.1.tlog
l:\rvbvakama\astar\temp\project2d\static\project2d.tlog\link.11524.read.1.tlog
l:\rvbvakama\astar\temp\project2d\static\project2d.tlog\link.11524.write.1.tlog
l:\rvbvakama\astar\temp\project2d\static\project2d.tlog\link.command.1.tlog
l:\rvbvakama\astar\temp\project2d\static\project2d.tlog\link.read.1.tlog
l:\rvbvakama\astar\temp\project2d\static\project2d.tlog\link.write.1.tlog
