d:\git - rvbvakama\kawasu\temp\bootstrap\dll\bootstrap.pdb
d:\git - rvbvakama\kawasu\temp\bootstrap\dll\bootstrap.idb
d:\git - rvbvakama\kawasu\temp\bootstrap\dll\imgui.obj
d:\git - rvbvakama\kawasu\temp\bootstrap\dll\imgui_draw.obj
d:\git - rvbvakama\kawasu\temp\bootstrap\dll\application.obj
d:\git - rvbvakama\kawasu\temp\bootstrap\dll\audio.obj
d:\git - rvbvakama\kawasu\temp\bootstrap\dll\font.obj
d:\git - rvbvakama\kawasu\temp\bootstrap\dll\gizmos.obj
d:\git - rvbvakama\kawasu\temp\bootstrap\dll\imgui_glfw3.obj
d:\git - rvbvakama\kawasu\temp\bootstrap\dll\input.obj
d:\git - rvbvakama\kawasu\temp\bootstrap\dll\renderer2d.obj
d:\git - rvbvakama\kawasu\temp\bootstrap\dll\soundmanager.obj
d:\git - rvbvakama\kawasu\temp\bootstrap\dll\texture.obj
d:\git - rvbvakama\kawasu\temp\bootstrap\dll\gl_core_4_4.obj
d:\git - rvbvakama\kawasu\temp\bootstrap\dll\bootstrap.lib
d:\git - rvbvakama\kawasu\temp\bootstrap\dll\bootstrap.tlog\cl.command.1.tlog
d:\git - rvbvakama\kawasu\temp\bootstrap\dll\bootstrap.tlog\cl.read.1.tlog
d:\git - rvbvakama\kawasu\temp\bootstrap\dll\bootstrap.tlog\cl.write.1.tlog
d:\git - rvbvakama\kawasu\temp\bootstrap\dll\bootstrap.tlog\lib-link.read.1.tlog
d:\git - rvbvakama\kawasu\temp\bootstrap\dll\bootstrap.tlog\lib-link.write.1.tlog
d:\git - rvbvakama\kawasu\temp\bootstrap\dll\bootstrap.tlog\lib.command.1.tlog
